<?xml version="1.0" encoding="UTF-8"?>
<!-- Generated by org.testng.reporters.JUnitReportReporter -->
<testsuite hostname="LTIN191129" failures="0" tests="5" name="testCases.TC_005_LoanTenureCalculatorTest" time="44.933" errors="0" timestamp="2024-02-12T09:57:55 IST" skipped="0">
  <testcase classname="testCases.TC_005_LoanTenureCalculatorTest" name="verify_calculator" time="6.392"/>
  <system-out/>
  <testcase classname="testCases.TC_005_LoanTenureCalculatorTest" name="verify_LoanAmount_InputAndSlider" time="10.889"/>
  <system-out/>
  <testcase classname="testCases.TC_005_LoanTenureCalculatorTest" name="verify_InterestRate_InputAndSlider" time="10.922"/>
  <system-out/>
  <testcase classname="testCases.TC_005_LoanTenureCalculatorTest" name="verify_EMI_InputAndSlider" time="10.905"/>
  <system-out/>
  <testcase classname="testCases.TC_005_LoanTenureCalculatorTest" name="verify_FeesAndCharges_InputAndSlider" time="5.825"/>
  <system-out/>
</testsuite> <!-- testCases.TC_005_LoanTenureCalculatorTest -->
