<?xml version="1.0" encoding="UTF-8"?>
<!-- Generated by org.testng.reporters.JUnitReportReporter -->
<testsuite hostname="LTIN191129" failures="0" tests="6" name="testCases.TC_003_EMICalculatorTest" time="47.207" errors="0" timestamp="2024-02-12T09:57:55 IST" skipped="0">
  <testcase classname="testCases.TC_003_EMICalculatorTest" name="verify_calculator" time="6.594"/>
  <system-out/>
  <testcase classname="testCases.TC_003_EMICalculatorTest" name="verify_LoanAmount_InputAndSlider" time="10.998"/>
  <system-out/>
  <testcase classname="testCases.TC_003_EMICalculatorTest" name="verify_InterestRate_InputAndSlider" time="11.724"/>
  <system-out/>
  <testcase classname="testCases.TC_003_EMICalculatorTest" name="verify_LoanTenure_InputAndSlider" time="11.582"/>
  <system-out/>
  <testcase classname="testCases.TC_003_EMICalculatorTest" name="verify_FeesAndCharges_InputAndSlider" time="5.959"/>
  <system-out/>
  <testcase classname="testCases.TC_003_EMICalculatorTest" name="loanTenureValidation" time="0.350"/>
  <system-out/>
</testsuite> <!-- testCases.TC_003_EMICalculatorTest -->
