<?xml version="1.0" encoding="UTF-8"?>
<!-- Generated by org.testng.reporters.JUnitReportReporter -->
<testsuite hostname="LTIN191129" failures="0" tests="5" name="testCases.TC_005_LoanTenureCalculatorTest" time="50.543" errors="0" timestamp="2024-02-13T20:12:07 IST" skipped="0">
  <testcase classname="testCases.TC_005_LoanTenureCalculatorTest" name="verify_calculator_type_opened" time="11.236"/>
  <system-out/>
  <testcase classname="testCases.TC_005_LoanTenureCalculatorTest" name="verify_LoanAmount_InputAndSlider" time="11.024"/>
  <system-out/>
  <testcase classname="testCases.TC_005_LoanTenureCalculatorTest" name="verify_InterestRate_InputAndSlider" time="11.044"/>
  <system-out/>
  <testcase classname="testCases.TC_005_LoanTenureCalculatorTest" name="verify_EMI_InputAndSlider" time="11.030"/>
  <system-out/>
  <testcase classname="testCases.TC_005_LoanTenureCalculatorTest" name="verify_FeesAndCharges_InputAndSlider" time="6.209"/>
  <system-out/>
</testsuite> <!-- testCases.TC_005_LoanTenureCalculatorTest -->
