<?xml version="1.0" encoding="UTF-8"?>
<!-- Generated by org.testng.reporters.JUnitReportReporter -->
<testsuite hostname="LTIN191129" failures="0" tests="1" name="testCases.TC_002_HomeLoanCalculatorTest" time="23.757" errors="0" timestamp="2024-02-12T09:57:54 IST" skipped="0">
  <testcase classname="testCases.TC_002_HomeLoanCalculatorTest" name="verify_home_loan" time="23.757"/>
  <system-out/>
</testsuite> <!-- testCases.TC_002_HomeLoanCalculatorTest -->
