<?xml version="1.0" encoding="UTF-8"?>
<!-- Generated by org.testng.reporters.JUnitReportReporter -->
<testsuite hostname="LTIN191129" failures="0" tests="6" name="testCases.TC_004_LoanAmountCalculatorTest" time="58.293" errors="0" timestamp="2024-02-12T09:57:55 IST" skipped="0">
  <testcase classname="testCases.TC_004_LoanAmountCalculatorTest" name="verify_calculator" time="19.171"/>
  <system-out/>
  <testcase classname="testCases.TC_004_LoanAmountCalculatorTest" name="verify_EMI_InputAndSlider" time="10.860"/>
  <system-out/>
  <testcase classname="testCases.TC_004_LoanAmountCalculatorTest" name="verify_InterestRate_InputAndSlider" time="10.987"/>
  <system-out/>
  <testcase classname="testCases.TC_004_LoanAmountCalculatorTest" name="verify_LoanTenure_InputAndSlider" time="10.975"/>
  <system-out/>
  <testcase classname="testCases.TC_004_LoanAmountCalculatorTest" name="verify_FeesAndCharges_InputAndSlider" time="5.877"/>
  <system-out/>
  <testcase classname="testCases.TC_004_LoanAmountCalculatorTest" name="loanTenureValidation" time="0.423"/>
  <system-out/>
</testsuite> <!-- testCases.TC_004_LoanAmountCalculatorTest -->
