<?xml version="1.0" encoding="UTF-8"?>
<!-- Generated by org.testng.reporters.JUnitReportReporter -->
<testsuite hostname="LTIN191129" failures="0" tests="6" name="testCases.TC_004_LoanAmountCalculatorTest" time="51.953" errors="0" timestamp="2024-02-13T20:12:07 IST" skipped="0">
  <testcase classname="testCases.TC_004_LoanAmountCalculatorTest" name="verify_calculator_type_opened" time="12.166"/>
  <system-out/>
  <testcase classname="testCases.TC_004_LoanAmountCalculatorTest" name="verify_EMI_InputAndSlider" time="11.066"/>
  <system-out/>
  <testcase classname="testCases.TC_004_LoanAmountCalculatorTest" name="verify_InterestRate_InputAndSlider" time="11.149"/>
  <system-out/>
  <testcase classname="testCases.TC_004_LoanAmountCalculatorTest" name="verify_LoanTenure_InputAndSlider" time="11.131"/>
  <system-out/>
  <testcase classname="testCases.TC_004_LoanAmountCalculatorTest" name="verify_FeesAndCharges_InputAndSlider" time="6.103"/>
  <system-out/>
  <testcase classname="testCases.TC_004_LoanAmountCalculatorTest" name="loanTenureValidation" time="0.338"/>
  <system-out/>
</testsuite> <!-- testCases.TC_004_LoanAmountCalculatorTest -->
