<?xml version="1.0" encoding="UTF-8"?>
<!-- Generated by org.testng.reporters.JUnitReportReporter -->
<testsuite hostname="LTIN191129" failures="0" tests="6" name="testCases.TC_004_LoanAmountCalculatorTest" time="14.701" errors="0" timestamp="2024-02-15T21:49:52 IST" skipped="0">
  <testcase classname="testCases.TC_004_LoanAmountCalculatorTest" name="verify_calculator_type_opened" time="10.524"/>
  <system-out/>
  <testcase classname="testCases.TC_004_LoanAmountCalculatorTest" name="verify_EMI_InputAndSlider" time="0.942"/>
  <system-out/>
  <testcase classname="testCases.TC_004_LoanAmountCalculatorTest" name="verify_InterestRate_InputAndSlider" time="0.913"/>
  <system-out/>
  <testcase classname="testCases.TC_004_LoanAmountCalculatorTest" name="verify_LoanTenure_InputAndSlider" time="1.170"/>
  <system-out/>
  <testcase classname="testCases.TC_004_LoanAmountCalculatorTest" name="verify_FeesAndCharges_InputAndSlider" time="0.911"/>
  <system-out/>
  <testcase classname="testCases.TC_004_LoanAmountCalculatorTest" name="loanTenureValidation" time="0.241"/>
  <system-out/>
</testsuite> <!-- testCases.TC_004_LoanAmountCalculatorTest -->
