<?xml version="1.0" encoding="UTF-8"?>
<!-- Generated by org.testng.reporters.JUnitReportReporter -->
<testsuite hostname="LTIN191129" failures="0" tests="6" name="testCases.TC_003_EMICalculatorTest" time="12.098" errors="0" timestamp="2024-02-15T21:49:52 IST" skipped="0">
  <testcase classname="testCases.TC_003_EMICalculatorTest" name="verify_calculator_type_opened" time="7.672"/>
  <system-out/>
  <testcase classname="testCases.TC_003_EMICalculatorTest" name="verify_LoanAmount_InputAndSlider" time="1.147"/>
  <system-out/>
  <testcase classname="testCases.TC_003_EMICalculatorTest" name="verify_InterestRate_InputAndSlider" time="0.855"/>
  <system-out/>
  <testcase classname="testCases.TC_003_EMICalculatorTest" name="verify_LoanTenure_InputAndSlider" time="1.212"/>
  <system-out/>
  <testcase classname="testCases.TC_003_EMICalculatorTest" name="verify_FeesAndCharges_InputAndSlider" time="0.960"/>
  <system-out/>
  <testcase classname="testCases.TC_003_EMICalculatorTest" name="loanTenureValidation" time="0.252"/>
  <system-out/>
</testsuite> <!-- testCases.TC_003_EMICalculatorTest -->
