<?xml version="1.0" encoding="UTF-8"?>
<!-- Generated by org.testng.reporters.JUnitReportReporter -->
<testsuite hostname="LTIN191129" failures="0" tests="5" name="testCases.TC_005_LoanTenureCalculatorTest" time="11.809" errors="0" timestamp="2024-02-15T21:49:52 IST" skipped="0">
  <testcase classname="testCases.TC_005_LoanTenureCalculatorTest" name="verify_calculator_type_opened" time="7.444"/>
  <system-out/>
  <testcase classname="testCases.TC_005_LoanTenureCalculatorTest" name="verify_LoanAmount_InputAndSlider" time="1.011"/>
  <system-out/>
  <testcase classname="testCases.TC_005_LoanTenureCalculatorTest" name="verify_InterestRate_InputAndSlider" time="1.579"/>
  <system-out/>
  <testcase classname="testCases.TC_005_LoanTenureCalculatorTest" name="verify_EMI_InputAndSlider" time="0.886"/>
  <system-out/>
  <testcase classname="testCases.TC_005_LoanTenureCalculatorTest" name="verify_FeesAndCharges_InputAndSlider" time="0.889"/>
  <system-out/>
</testsuite> <!-- testCases.TC_005_LoanTenureCalculatorTest -->
