<?xml version="1.0" encoding="UTF-8"?>
<!-- Generated by org.testng.reporters.JUnitReportReporter -->
<testsuite hostname="LTIN191129" failures="0" tests="2" name="testCases.TC_001_CarLoanCalculatorTest" time="2.582" errors="0" timestamp="2024-02-13T20:12:07 IST" skipped="0">
  <testcase classname="testCases.TC_001_CarLoanCalculatorTest" name="verify_inputs_car_loan_calculator" time="2.106"/>
  <system-out/>
  <testcase classname="testCases.TC_001_CarLoanCalculatorTest" name="verify_car_loan_calculator" time="0.476"/>
  <system-out/>
</testsuite> <!-- testCases.TC_001_CarLoanCalculatorTest -->
