<?xml version="1.0" encoding="UTF-8"?>
<!-- Generated by org.testng.reporters.JUnitReportReporter -->
<testsuite hostname="LTIN191129" failures="0" tests="2" name="testCases.TC_001_CarLoanCalculatorTest" time="5.407" errors="0" timestamp="2024-02-15T21:49:52 IST" skipped="0">
  <testcase classname="testCases.TC_001_CarLoanCalculatorTest" name="verify_inputs_car_loan_calculator" time="4.604"/>
  <system-out/>
  <testcase classname="testCases.TC_001_CarLoanCalculatorTest" name="verify_car_loan_calculator" time="0.803"/>
  <system-out/>
</testsuite> <!-- testCases.TC_001_CarLoanCalculatorTest -->
