<?xml version="1.0" encoding="UTF-8"?>
<!-- Generated by org.testng.reporters.JUnitReportReporter -->
<testsuite hostname="LTIN191129" failures="0" tests="1" name="testCases.TC_001_CarLoanCalculateTest" time="1.880" errors="0" timestamp="2024-02-09T21:39:55 IST" skipped="0">
  <testcase classname="testCases.TC_001_CarLoanCalculateTest" name="verify_car_loan_calculator" time="1.880"/>
  <system-out/>
</testsuite> <!-- testCases.TC_001_CarLoanCalculateTest -->
