<?xml version="1.0" encoding="UTF-8"?>
<!-- Generated by org.testng.reporters.JUnitReportReporter -->
<testsuite hostname="LTIN191129" failures="0" tests="5" name="testCases.TC_005_LoanTenureCalculatorTest" time="45.064" errors="0" timestamp="2024-02-15T11:12:15 IST" skipped="0">
  <testcase classname="testCases.TC_005_LoanTenureCalculatorTest" name="verify_calculator_type_opened" time="6.625"/>
  <testcase classname="testCases.TC_005_LoanTenureCalculatorTest" name="verify_LoanAmount_InputAndSlider" time="10.854"/>
  <testcase classname="testCases.TC_005_LoanTenureCalculatorTest" name="verify_InterestRate_InputAndSlider" time="10.903"/>
  <testcase classname="testCases.TC_005_LoanTenureCalculatorTest" name="verify_EMI_InputAndSlider" time="10.851"/>
  <testcase classname="testCases.TC_005_LoanTenureCalculatorTest" name="verify_FeesAndCharges_InputAndSlider" time="5.831"/>
</testsuite> <!-- testCases.TC_005_LoanTenureCalculatorTest -->
