<?xml version="1.0" encoding="UTF-8"?>
<!-- Generated by org.testng.reporters.JUnitReportReporter -->
<testsuite hostname="LTIN191129" failures="0" tests="1" name="testCases.TC_002_HomeLoanCalculatorTest" time="19.283" errors="0" timestamp="2024-02-15T11:12:15 IST" skipped="0">
  <testcase classname="testCases.TC_002_HomeLoanCalculatorTest" name="verify_home_loan" time="19.283"/>
</testsuite> <!-- testCases.TC_002_HomeLoanCalculatorTest -->
