<?xml version="1.0" encoding="UTF-8"?>
<!-- Generated by org.testng.reporters.JUnitReportReporter -->
<testsuite hostname="LTIN191129" failures="0" tests="6" name="testCases.TC_003_EMICalculatorTest" time="45.371" errors="0" timestamp="2024-02-15T11:12:15 IST" skipped="0">
  <testcase classname="testCases.TC_003_EMICalculatorTest" name="verify_calculator_type_opened" time="6.383"/>
  <testcase classname="testCases.TC_003_EMICalculatorTest" name="verify_LoanAmount_InputAndSlider" time="10.938"/>
  <testcase classname="testCases.TC_003_EMICalculatorTest" name="verify_InterestRate_InputAndSlider" time="10.804"/>
  <testcase classname="testCases.TC_003_EMICalculatorTest" name="verify_LoanTenure_InputAndSlider" time="11.009"/>
  <testcase classname="testCases.TC_003_EMICalculatorTest" name="verify_FeesAndCharges_InputAndSlider" time="5.933"/>
  <testcase classname="testCases.TC_003_EMICalculatorTest" name="loanTenureValidation" time="0.304"/>
</testsuite> <!-- testCases.TC_003_EMICalculatorTest -->
