<?xml version="1.0" encoding="UTF-8"?>
<!-- Generated by org.testng.reporters.JUnitReportReporter -->
<testsuite hostname="LTIN191129" failures="0" tests="1" name="testCases.TC_001_CarLoanCalculatorTest" time="4.858" errors="0" timestamp="2024-02-12T11:04:41 IST" skipped="0">
  <testcase classname="testCases.TC_001_CarLoanCalculatorTest" name="verify_car_loan_calculator" time="4.858"/>
</testsuite> <!-- testCases.TC_001_CarLoanCalculatorTest -->
