<?xml version="1.0" encoding="UTF-8"?>
<!-- Generated by org.testng.reporters.JUnitReportReporter -->
<testsuite hostname="LTIN191129" failures="0" tests="6" name="testCases.TC_004_LoanAmountCalculatorTest" time="45.760" errors="0" timestamp="2024-02-15T11:12:15 IST" skipped="0">
  <testcase classname="testCases.TC_004_LoanAmountCalculatorTest" name="verify_calculator_type_opened" time="7.063"/>
  <testcase classname="testCases.TC_004_LoanAmountCalculatorTest" name="verify_EMI_InputAndSlider" time="10.876"/>
  <testcase classname="testCases.TC_004_LoanAmountCalculatorTest" name="verify_InterestRate_InputAndSlider" time="10.807"/>
  <testcase classname="testCases.TC_004_LoanAmountCalculatorTest" name="verify_LoanTenure_InputAndSlider" time="10.972"/>
  <testcase classname="testCases.TC_004_LoanAmountCalculatorTest" name="verify_FeesAndCharges_InputAndSlider" time="5.848"/>
  <testcase classname="testCases.TC_004_LoanAmountCalculatorTest" name="loanTenureValidation" time="0.194"/>
</testsuite> <!-- testCases.TC_004_LoanAmountCalculatorTest -->
