<?xml version="1.0" encoding="UTF-8"?>
<!-- Generated by org.testng.reporters.JUnitReportReporter -->
<testsuite hostname="LTIN191129" failures="0" tests="6" name="testCases.TC_004_LoanAmountCalculatorTest" time="49.909" errors="0" timestamp="2024-02-12T11:04:41 IST" skipped="0">
  <testcase classname="testCases.TC_004_LoanAmountCalculatorTest" name="verify_calculator" time="7.031"/>
  <testcase classname="testCases.TC_004_LoanAmountCalculatorTest" name="verify_EMI_InputAndSlider" time="11.526"/>
  <testcase classname="testCases.TC_004_LoanAmountCalculatorTest" name="verify_InterestRate_InputAndSlider" time="13.134"/>
  <testcase classname="testCases.TC_004_LoanAmountCalculatorTest" name="verify_LoanTenure_InputAndSlider" time="11.445"/>
  <testcase classname="testCases.TC_004_LoanAmountCalculatorTest" name="verify_FeesAndCharges_InputAndSlider" time="6.309"/>
  <testcase classname="testCases.TC_004_LoanAmountCalculatorTest" name="loanTenureValidation" time="0.464"/>
</testsuite> <!-- testCases.TC_004_LoanAmountCalculatorTest -->
