<?xml version="1.0" encoding="UTF-8"?>
<!-- Generated by org.testng.reporters.JUnitReportReporter -->
<testsuite hostname="LTIN191129" failures="0" tests="5" name="testCases.TC_005_LoanTenureCalculatorTest" time="47.832" errors="0" timestamp="2024-02-12T11:04:41 IST" skipped="0">
  <testcase classname="testCases.TC_005_LoanTenureCalculatorTest" name="verify_calculator" time="7.425"/>
  <testcase classname="testCases.TC_005_LoanTenureCalculatorTest" name="verify_LoanAmount_InputAndSlider" time="11.363"/>
  <testcase classname="testCases.TC_005_LoanTenureCalculatorTest" name="verify_InterestRate_InputAndSlider" time="11.441"/>
  <testcase classname="testCases.TC_005_LoanTenureCalculatorTest" name="verify_EMI_InputAndSlider" time="11.463"/>
  <testcase classname="testCases.TC_005_LoanTenureCalculatorTest" name="verify_FeesAndCharges_InputAndSlider" time="6.140"/>
</testsuite> <!-- testCases.TC_005_LoanTenureCalculatorTest -->
