<?xml version="1.0" encoding="UTF-8"?>
<!-- Generated by org.testng.reporters.JUnitReportReporter -->
<testsuite hostname="LTIN191129" failures="0" tests="2" name="testCases.TC_001_CarLoanCalculatorTest" time="1.708" errors="0" timestamp="2024-02-15T11:12:15 IST" skipped="0">
  <testcase classname="testCases.TC_001_CarLoanCalculatorTest" name="verify_inputs_car_loan_calculator" time="1.341"/>
  <testcase classname="testCases.TC_001_CarLoanCalculatorTest" name="verify_car_loan_calculator" time="0.367"/>
</testsuite> <!-- testCases.TC_001_CarLoanCalculatorTest -->
